20151117083507 tid: 140187794749408: [4]: eims_server_terminal starting
20151117083649 tid: 140187489253120: [4]: user not login
20151117083649 tid: 140187489253120: [4]: user not login
20151117083656 tid: 140187489253120: [4]: user not login
20151117083656 tid: 140187489253120: [4]: user not login
20151117083702 tid: 140187520722688: [4]: user not login
20151117083702 tid: 140187520722688: [4]: user not login
20151117083706 tid: 140187520722688: [4]: user not login
20151117083711 tid: 140187489253120: [4]: user not login
20151117083711 tid: 140187489253120: [4]: user not login
20151117083716 tid: 140187489253120: [4]: user not login
20151117083721 tid: 140187520722688: [4]: user not login
20151117083721 tid: 140187520722688: [4]: user not login
20151117083725 tid: 140187520722688: [4]: user not login
20151117083731 tid: 140187489253120: [4]: user not login
20151117083731 tid: 140187489253120: [4]: user not login
20151117083735 tid: 140187489253120: [4]: user not login
20151117083748 tid: 140187520722688: [4]: user not login
20151117083748 tid: 140187520722688: [4]: user not login
20151117083752 tid: 140187520722688: [4]: user not login
20151117083757 tid: 140187489253120: [4]: user not login
20151117083757 tid: 140187489253120: [4]: user not login
20151117083802 tid: 140187489253120: [4]: user not login
20151117083807 tid: 140187520722688: [4]: user not login
20151117083807 tid: 140187520722688: [4]: user not login
20151117083811 tid: 140187520722688: [4]: user not login
20151117083816 tid: 140187489253120: [4]: user not login
20151117083816 tid: 140187489253120: [4]: user not login
20151117083820 tid: 140187489253120: [4]: user not login
20151117083829 tid: 140187520722688: [4]: user not login
20151117083829 tid: 140187520722688: [4]: user not login
20151117083833 tid: 140187520722688: [4]: user not login
20151117083838 tid: 140187489253120: [4]: user not login
20151117083838 tid: 140187489253120: [4]: user not login
20151117083842 tid: 140187489253120: [4]: user not login
20151117083856 tid: 140187520722688: [4]: user not login
20151117083857 tid: 140187520722688: [4]: user not login
20151117083901 tid: 140187520722688: [4]: user not login
20151117083924 tid: 140187489253120: [4]: user not login
20151117083924 tid: 140187489253120: [4]: user not login
20151117083931 tid: 140187489253120: [4]: user not login
20151117083941 tid: 140187489253120: [4]: user not login
20151117083952 tid: 140187489253120: [4]: user not login
20151117084003 tid: 140187489253120: [4]: user not login
20151117084014 tid: 140187489253120: [4]: user not login
20151117084021 tid: 140187489253120: [4]: user not login
20151117084031 tid: 140187520722688: [4]: user not login
20151117084032 tid: 140187520722688: [4]: user not login
20151117084036 tid: 140187520722688: [4]: user not login
20151117084040 tid: 140187489253120: [4]: user not login
20151117084040 tid: 140187489253120: [4]: user not login
20151117084045 tid: 140187489253120: [4]: user not login
20151117084050 tid: 140187520722688: [4]: user not login
20151117084050 tid: 140187520722688: [4]: user not login
20151117084056 tid: 140187520722688: [4]: user not login
20151117084101 tid: 140187489253120: [4]: user not login
20151117084101 tid: 140187489253120: [4]: user not login
20151117084107 tid: 140187489253120: [4]: user not login
20151117084118 tid: 140187489253120: [4]: user not login
20151117084129 tid: 140187489253120: [4]: user not login
20151117084140 tid: 140187489253120: [4]: user not login
20151117084151 tid: 140187489253120: [4]: user not login
20151117084201 tid: 140187489253120: [4]: user not login
20151117084201 tid: 140187489253120: [4]: user not login
20151117084207 tid: 140187520722688: [4]: user not login
20151117084207 tid: 140187520722688: [4]: user not login
20151117084212 tid: 140187520722688: [4]: user not login
20151117084216 tid: 140187489253120: [4]: user not login
20151117084216 tid: 140187489253120: [4]: user not login
20151117084220 tid: 140187489253120: [4]: user not login
20151117084225 tid: 140187520722688: [4]: user not login
20151117084226 tid: 140187520722688: [4]: user not login
20151117084230 tid: 140187520722688: [4]: user not login
20151117084237 tid: 140187489253120: [4]: user not login
20151117084237 tid: 140187489253120: [4]: user not login
20151117084241 tid: 140187489253120: [4]: user not login
20151117084245 tid: 140187520722688: [4]: user not login
20151117084246 tid: 140187520722688: [4]: user not login
20151117084249 tid: 140187520722688: [4]: user not login
20151117084254 tid: 140187489253120: [4]: user not login
20151117084254 tid: 140187489253120: [4]: user not login
20151117084259 tid: 140187489253120: [4]: user not login
20151117084305 tid: 140187520722688: [4]: user not login
20151117084305 tid: 140187520722688: [4]: user not login
20151117084310 tid: 140187520722688: [4]: user not login
20151117084314 tid: 140187489253120: [4]: user not login
20151117084314 tid: 140187489253120: [4]: user not login
20151117084319 tid: 140187489253120: [4]: user not login
20151117084332 tid: 140187794749408: [4]: server exiting normal
20151117164620 tid: 140623604688864: [4]: eims_server_terminal starting
20151117164621 tid: 140623604688864: [4]: server exiting normal
20151117164720 tid: 140308251875296: [4]: eims_server_terminal starting
20151117164752 tid: 140308083881728: [2]: 数据库连接失败。Lost connection to MySQL server at 'reading initial communication packet', system error: 111
20151117164752 tid: 140308083881728: [1]: database cann't open.
20151117164752 tid: 140308083881728: [1]: cache user login info failed 
20151117164752 tid: 140308083881728: [2]: handle message error. handled result is null
20151117164819 tid: 140307723187968: [2]: 数据库连接失败。Lost connection to MySQL server at 'reading initial communication packet', system error: 111
20151117164819 tid: 140307723187968: [1]: database cann't open.
20151117164819 tid: 140307723187968: [1]: cache user login info failed 
20151117164819 tid: 140307723187968: [2]: handle message error. handled result is null
20151117164835 tid: 140308251875296: [4]: server exiting normal
20151117164856 tid: 140266984105952: [4]: eims_server_terminal starting
20151117164947 tid: 140266843399936: [2]: 数据库连接失败。Access denied for user 'eims3'@'192.168.4.84' (using password: YES)
20151117164947 tid: 140266843399936: [1]: database cann't open.
20151117164947 tid: 140266843399936: [1]: cache user login info failed 
20151117164947 tid: 140266843399936: [2]: handle message error. handled result is null
20151117165021 tid: 140266984105952: [4]: server exiting normal
20151117165024 tid: 140133731313632: [4]: eims_server_terminal starting
20151117165041 tid: 140133508577024: [2]: Lua vm create failed, reason: load lua file failed, code:7
20151117165041 tid: 140133508577024: [2]: handle message error. handled result is null
20151117165045 tid: 140133487597312: [2]: Lua vm create failed, reason: load lua file failed, code:7
20151117165045 tid: 140133487597312: [2]: handle message error. handled result is null
20151117165119 tid: 140133731313632: [4]: server exiting normal
20151117165123 tid: 139814039885792: [4]: eims_server_terminal starting
20151117165126 tid: 139939111016416: [4]: eims_server_terminal starting
20151117165157 tid: 139927517190112: [4]: eims_server_terminal starting
20151117165202 tid: 139927385786112: [1]: call lua function failed , error reason :not function
20151117165204 tid: 139927385786112: [1]: call lua function failed , error reason :not function
20151117165240 tid: 139927517190112: [4]: server exiting normal
20151117165242 tid: 139694929434592: [4]: eims_server_terminal starting
20151117165248 tid: 140068361091040: [4]: eims_server_terminal starting
20151117165414 tid: 140068361091040: [4]: server exiting normal
20151117165947 tid: 140225377691616: [4]: eims_server_terminal starting
20151117170040 tid: 140225101686528: [2]: get a null. field is lang.指定列不存在，列名：lang
20151117170040 tid: 140225101686528: [2]: get a null. field is lang.指定列不存在，列名：lang
20151117170040 tid: 140225101686528: [2]: get a null. field is lang.指定列不存在，列名：lang
20151117170040 tid: 140225101686528: [2]: get a null. field is lang.指定列不存在，列名：lang
20151117170040 tid: 140225101686528: [2]: get a null. field is lang.指定列不存在，列名：lang
20151117170040 tid: 140225101686528: [2]: get a null. field is lang.指定列不存在，列名：lang
20151117170040 tid: 140225101686528: [2]: get a null. field is lang.指定列不存在，列名：lang
20151117170040 tid: 140225101686528: [2]: get a null. field is lang.指定列不存在，列名：lang
20151117170040 tid: 140225101686528: [2]: get a null. field is lang.指定列不存在，列名：lang
20151117170040 tid: 140225101686528: [2]: get a null. field is lang.指定列不存在，列名：lang
20151117170040 tid: 140225101686528: [2]: get a null. field is lang.指定列不存在，列名：lang
20151117170040 tid: 140225101686528: [2]: get a null. field is lang.指定列不存在，列名：lang
20151117170126 tid: 140225377691616: [4]: server exiting normal
20151117170654 tid: 139790437672928: [4]: eims_server_terminal starting
20151117170728 tid: 139790271887104: [2]: get a null. field is lang.指定列不存在，列名：lang
20151117170728 tid: 139790271887104: [2]: get a null. field is lang.指定列不存在，列名：lang
20151117170728 tid: 139790271887104: [2]: get a null. field is lang.指定列不存在，列名：lang
20151117170728 tid: 139790271887104: [2]: get a null. field is lang.指定列不存在，列名：lang
20151117173923 tid: 139790437672928: [4]: server exiting normal
20151117173931 tid: 140737345341408: [4]: eims_server_terminal starting
20151117173936 tid: 140737198937856: [3]: GeneralClientInfo input len is not right.
20151117174005 tid: 140737345341408: [4]: eims_server_terminal starting
20151117174011 tid: 140737188448000: [3]: GeneralClientInfo input len is not right.
20151117174105 tid: 140737345341408: [4]: eims_server_terminal starting
20151117174109 tid: 140737198937856: [3]: GeneralClientInfo input len is not right.
20151117174142 tid: 140737345341408: [4]: eims_server_terminal starting
20151117174148 tid: 140737209427712: [3]: GeneralClientInfo input len is not right.
20151117174215 tid: 140737345341408: [4]: eims_server_terminal starting
20151117174231 tid: 140737198937856: [3]: GeneralClientInfo input len is not right.
20151117174334 tid: 140737345341408: [4]: eims_server_terminal starting
20151117174346 tid: 140737303373568: [3]: GeneralClientInfo input len is not right.
20151118145024 tid: 140737345341408: [4]: eims_server_terminal starting
20151118163255 tid: 140737343027168: [4]: eims_server_terminal starting
20151118183955 tid: 140737345341408: [4]: eims_server_terminal starting
20151118184044 tid: 140737345341408: [4]: eims_server_terminal starting
20151118185124 tid: 140452274989024: [4]: eims_server_terminal starting
20151118191046 tid: 140452274989024: [4]: server exiting normal
20151119084941 tid: 140056736872416: [4]: eims_server_terminal starting
20151119115208 tid: 140056736872416: [4]: server exiting normal
